build/app/intermediates/manifest_merge_blame_file/debug/manifest-merger-blame-debug-report.txt
1<?xml version="1.0" encoding="utf-8"?>
2<manifest xmlns:android="http://schemas.android.com/apk/res/android"
3    package="com.example.imagetotext"
4    android:versionCode="1"
5    android:versionName="1.0.0" >
6
7    <uses-sdk
8        android:minSdkVersion="21"
9        android:targetSdkVersion="28" />
10    <!--
11         The INTERNET permission is required for development. Specifically,
12         the Flutter tool needs it to communicate with the running application
13         to allow setting breakpoints, to provide hot reload, etc.
14    -->
15    <uses-permission android:name="android.permission.INTERNET" />
15-->src\debug\AndroidManifest.xml:7:5-66
15-->src\debug\AndroidManifest.xml:7:22-64
16    <!-- Although the *SdkVersion is captured in gradle build files, this is required for non gradle builds -->
17    <!-- <uses-sdk android:minSdkVersion="14"/> -->
18    <uses-permission android:name="android.permission.ACCESS_NETWORK_STATE" />
18-->[com.google.android.datatransport:transport-backend-cct:2.3.3] AndroidManifest.xml:25:5-79
18-->[com.google.android.datatransport:transport-backend-cct:2.3.3] AndroidManifest.xml:25:22-76
19
20    <application
21        android:name="android.app.Application"
22        android:appComponentFactory="androidx.core.app.CoreComponentFactory"
22-->[androidx.core:core:1.8.0] AndroidManifest.xml:24:18-86
23        android:debuggable="true"
24        android:icon="@mipmap/ic_launcher"
25        android:label="imagetotext" >
26        <activity
27            android:name="com.example.imagetotext.MainActivity"
28            android:configChanges="orientation|keyboardHidden|keyboard|screenSize|smallestScreenSize|locale|layoutDirection|fontScale|screenLayout|density|uiMode"
29            android:exported="true"
30            android:hardwareAccelerated="true"
31            android:launchMode="singleTop"
32            android:theme="@style/LaunchTheme"
33            android:windowSoftInputMode="adjustResize" >
34
35            <!--
36                 Specifies an Android theme to apply to this Activity as soon as
37                 the Android process has started. This theme is visible to the user
38                 while the Flutter UI initializes. After that, this theme continues
39                 to determine the Window background behind the Flutter UI.
40            -->
41            <meta-data
42                android:name="io.flutter.embedding.android.NormalTheme"
43                android:resource="@style/NormalTheme" />
44
45            <intent-filter>
46                <action android:name="android.intent.action.MAIN" />
47
48                <category android:name="android.intent.category.LAUNCHER" />
49            </intent-filter>
50        </activity>
51        <!--
52             Don't delete the meta-data below.
53             This is used by the Flutter tool to generate GeneratedPluginRegistrant.java
54        -->
55        <meta-data
56            android:name="flutterEmbedding"
57            android:value="2" />
58
59        <provider
59-->[:image_picker_android] AndroidManifest.xml:10:9-18:20
60            android:name="io.flutter.plugins.imagepicker.ImagePickerFileProvider"
60-->[:image_picker_android] AndroidManifest.xml:11:13-82
61            android:authorities="com.example.imagetotext.flutter.image_provider"
61-->[:image_picker_android] AndroidManifest.xml:12:13-74
62            android:exported="false"
62-->[:image_picker_android] AndroidManifest.xml:13:13-37
63            android:grantUriPermissions="true" >
63-->[:image_picker_android] AndroidManifest.xml:14:13-47
64            <meta-data
64-->[:image_picker_android] AndroidManifest.xml:15:13-17:75
65                android:name="android.support.FILE_PROVIDER_PATHS"
65-->[:image_picker_android] AndroidManifest.xml:16:17-67
66                android:resource="@xml/flutter_image_picker_file_paths" />
66-->[:image_picker_android] AndroidManifest.xml:17:17-72
67        </provider>
68
69        <uses-library
69-->[androidx.window:window:1.0.0-beta04] AndroidManifest.xml:25:9-27:40
70            android:name="androidx.window.extensions"
70-->[androidx.window:window:1.0.0-beta04] AndroidManifest.xml:26:13-54
71            android:required="false" />
71-->[androidx.window:window:1.0.0-beta04] AndroidManifest.xml:27:13-37
72        <uses-library
72-->[androidx.window:window:1.0.0-beta04] AndroidManifest.xml:28:9-30:40
73            android:name="androidx.window.sidecar"
73-->[androidx.window:window:1.0.0-beta04] AndroidManifest.xml:29:13-51
74            android:required="false" />
74-->[androidx.window:window:1.0.0-beta04] AndroidManifest.xml:30:13-37
75
76        <service
76-->[com.google.android.gms:play-services-mlkit-text-recognition-common:17.0.0] AndroidManifest.xml:9:9-15:19
77            android:name="com.google.mlkit.common.internal.MlKitComponentDiscoveryService"
77-->[com.google.android.gms:play-services-mlkit-text-recognition-common:17.0.0] AndroidManifest.xml:10:13-91
78            android:directBootAware="true"
78-->[com.google.mlkit:common:18.1.0] AndroidManifest.xml:17:13-43
79            android:exported="false" >
79-->[com.google.android.gms:play-services-mlkit-text-recognition-common:17.0.0] AndroidManifest.xml:11:13-37
80            <meta-data
80-->[com.google.android.gms:play-services-mlkit-text-recognition-common:17.0.0] AndroidManifest.xml:12:13-14:85
81                android:name="com.google.firebase.components:com.google.mlkit.vision.text.internal.TextRegistrar"
81-->[com.google.android.gms:play-services-mlkit-text-recognition-common:17.0.0] AndroidManifest.xml:13:17-114
82                android:value="com.google.firebase.components.ComponentRegistrar" />
82-->[com.google.android.gms:play-services-mlkit-text-recognition-common:17.0.0] AndroidManifest.xml:14:17-82
83            <meta-data
83-->[com.google.mlkit:vision-common:17.1.0] AndroidManifest.xml:12:13-14:85
84                android:name="com.google.firebase.components:com.google.mlkit.vision.common.internal.VisionCommonRegistrar"
84-->[com.google.mlkit:vision-common:17.1.0] AndroidManifest.xml:13:17-124
85                android:value="com.google.firebase.components.ComponentRegistrar" />
85-->[com.google.mlkit:vision-common:17.1.0] AndroidManifest.xml:14:17-82
86            <meta-data
86-->[com.google.mlkit:common:18.1.0] AndroidManifest.xml:20:13-22:85
87                android:name="com.google.firebase.components:com.google.mlkit.common.internal.CommonComponentRegistrar"
87-->[com.google.mlkit:common:18.1.0] AndroidManifest.xml:21:17-120
88                android:value="com.google.firebase.components.ComponentRegistrar" />
88-->[com.google.mlkit:common:18.1.0] AndroidManifest.xml:22:17-82
89        </service>
90
91        <provider
91-->[com.google.mlkit:common:18.1.0] AndroidManifest.xml:9:9-13:38
92            android:name="com.google.mlkit.common.internal.MlKitInitProvider"
92-->[com.google.mlkit:common:18.1.0] AndroidManifest.xml:10:13-78
93            android:authorities="com.example.imagetotext.mlkitinitprovider"
93-->[com.google.mlkit:common:18.1.0] AndroidManifest.xml:11:13-69
94            android:exported="false"
94-->[com.google.mlkit:common:18.1.0] AndroidManifest.xml:12:13-37
95            android:initOrder="99" />
95-->[com.google.mlkit:common:18.1.0] AndroidManifest.xml:13:13-35
96
97        <activity
97-->[com.google.android.gms:play-services-base:18.0.1] AndroidManifest.xml:20:9-22:45
98            android:name="com.google.android.gms.common.api.GoogleApiActivity"
98-->[com.google.android.gms:play-services-base:18.0.1] AndroidManifest.xml:20:19-85
99            android:exported="false"
99-->[com.google.android.gms:play-services-base:18.0.1] AndroidManifest.xml:22:19-43
100            android:theme="@android:style/Theme.Translucent.NoTitleBar" />
100-->[com.google.android.gms:play-services-base:18.0.1] AndroidManifest.xml:21:19-78
101
102        <meta-data
102-->[com.google.android.gms:play-services-basement:18.0.0] AndroidManifest.xml:21:9-23:69
103            android:name="com.google.android.gms.version"
103-->[com.google.android.gms:play-services-basement:18.0.0] AndroidManifest.xml:22:13-58
104            android:value="@integer/google_play_services_version" />
104-->[com.google.android.gms:play-services-basement:18.0.0] AndroidManifest.xml:23:13-66
105
106        <service
106-->[com.google.android.datatransport:transport-backend-cct:2.3.3] AndroidManifest.xml:29:9-35:19
107            android:name="com.google.android.datatransport.runtime.backends.TransportBackendDiscovery"
107-->[com.google.android.datatransport:transport-backend-cct:2.3.3] AndroidManifest.xml:30:13-103
108            android:exported="false" >
108-->[com.google.android.datatransport:transport-backend-cct:2.3.3] AndroidManifest.xml:31:13-37
109            <meta-data
109-->[com.google.android.datatransport:transport-backend-cct:2.3.3] AndroidManifest.xml:32:13-34:39
110                android:name="backend:com.google.android.datatransport.cct.CctBackendFactory"
110-->[com.google.android.datatransport:transport-backend-cct:2.3.3] AndroidManifest.xml:33:17-94
111                android:value="cct" />
111-->[com.google.android.datatransport:transport-backend-cct:2.3.3] AndroidManifest.xml:34:17-36
112        </service>
113        <service
113-->[com.google.android.datatransport:transport-runtime:2.2.6] AndroidManifest.xml:26:9-30:19
114            android:name="com.google.android.datatransport.runtime.scheduling.jobscheduling.JobInfoSchedulerService"
114-->[com.google.android.datatransport:transport-runtime:2.2.6] AndroidManifest.xml:27:13-117
115            android:exported="false"
115-->[com.google.android.datatransport:transport-runtime:2.2.6] AndroidManifest.xml:28:13-37
116            android:permission="android.permission.BIND_JOB_SERVICE" >
116-->[com.google.android.datatransport:transport-runtime:2.2.6] AndroidManifest.xml:29:13-69
117        </service>
118
119        <receiver
119-->[com.google.android.datatransport:transport-runtime:2.2.6] AndroidManifest.xml:32:9-34:40
120            android:name="com.google.android.datatransport.runtime.scheduling.jobscheduling.AlarmManagerSchedulerBroadcastReceiver"
120-->[com.google.android.datatransport:transport-runtime:2.2.6] AndroidManifest.xml:33:13-132
121            android:exported="false" />
121-->[com.google.android.datatransport:transport-runtime:2.2.6] AndroidManifest.xml:34:13-37
122    </application>
123
124</manifest>